<?xml version="1.0" encoding="UTF-8"?>
<!-- Generated by org.testng.reporters.JUnitXMLReporter -->
<testsuite ignored="0" hostname="DESKTOP-JO135LO" failures="0" tests="2" name="Default test" time="31.525" errors="0" timestamp="2021-12-22T21:05:02 IST">
  <testcase classname="com.SAPUI5.testcases.ShoppingPageTest" name="verifyShoppingWelcomeText" time="3.959"/>
  <testcase classname="com.SAPUI5.testcases.ShoppingPageTest" name="verifyTitleOfThePage" time="0.383"/>
</testsuite> <!-- Default test -->
