<?xml version="1.0" encoding="UTF-8"?>
<!-- Generated by org.testng.reporters.JUnitXMLReporter -->
<testsuite ignored="0" hostname="DESKTOP-JO135LO" failures="0" tests="6" name="Shopping Cart UI5 App Test" time="86.095" errors="0" timestamp="2021-12-29T13:44:50 IST">
  <testcase classname="com.SAPUI5.testcases.HomePageTest" name="validateCartImage" time="4.506"/>
  <testcase classname="com.SAPUI5.testcases.HomePageTest" name="validateHomePageTitle" time="0.009"/>
  <testcase classname="com.SAPUI5.testcases.HomePageTest" name="validateClassicText" time="7.726"/>
  <testcase classname="com.SAPUI5.testcases.ShoppingPageTest" name="verifyShoppingWelcomeText" time="4.39"/>
  <testcase classname="com.SAPUI5.testcases.ShoppingPageTest" name="verifyTitleOfThePage" time="0.512"/>
  <testcase classname="com.SAPUI5.testcases.CategoriesPageTest" name="countOfCategoryItem" time="6.454"/>
</testsuite> <!-- Shopping Cart UI5 App Test -->
