<?xml version="1.0" encoding="UTF-8"?>
<!-- Generated by org.testng.reporters.JUnitXMLReporter -->
<testsuite ignored="0" hostname="DESKTOP-JO135LO" failures="0" tests="6" name="Shopping Cart UI5 App Test" time="112.685" errors="0" timestamp="2021-12-30T15:02:06 IST">
  <testcase classname="com.SAPUI5.testcases.HomePageTest" name="validateCartImage" time="4.65"/>
  <testcase classname="com.SAPUI5.testcases.HomePageTest" name="validateHomePageTitle" time="0.011"/>
  <testcase classname="com.SAPUI5.testcases.HomePageTest" name="validateClassicText" time="3.733"/>
  <testcase classname="com.SAPUI5.testcases.ShoppingPageTest" name="verifyShoppingWelcomeText" time="5.939"/>
  <testcase classname="com.SAPUI5.testcases.ShoppingPageTest" name="verifyTitleOfThePage" time="0.629"/>
  <testcase classname="com.SAPUI5.testcases.CategoriesPageTest" name="clickOnCategoryItem" time="5.562"/>
</testsuite> <!-- Shopping Cart UI5 App Test -->
